# JRE version: Java(TM) SE Runtime Environment (21.0.8+12) (build 21.0.8+12-LTS-250)
# Java VM: Java HotSpot(TM) 64-Bit Server VM (21.0.8+12-LTS-250, mixed mode, sharing, tiered, compressed oops, compressed class ptrs, parallel gc, windows-amd64)
GC Precious Log:
 CardTable entry size: 512
 CPUs: 12 total, 12 available
 Memory: 15178M
 Large Page Support: Disabled
 NUMA Support: Disabled
 Compressed Oops: Enabled (32-bit)
 Alignments: Space 512K, Generation 512K, Heap 2M
 Heap Min Capacity: 100M
 Heap Initial Capacity: 100M
 Heap Max Capacity: 2G
 Pre-touch: Disabled
 Parallel Workers: 10
Heap:
 PSYoungGen      total 13312K, used 9523K [0x00000000d5580000, 0x00000000d6380000, 0x0000000100000000)
  eden space 12800K, 71% used [0x00000000d5580000,0x00000000d5e80488,0x00000000d6200000)
  from space 512K, 70% used [0x00000000d6300000,0x00000000d635ad60,0x00000000d6380000)
  to   space 512K, 0% used [0x00000000d6280000,0x00000000d6280000,0x00000000d6300000)
 ParOldGen       total 274432K, used 256779K [0x0000000080000000, 0x0000000090c00000, 0x00000000d5580000)
  object space 274432K, 93% used [0x0000000080000000,0x000000008fac2f68,0x0000000090c00000)
 Metaspace       used 88666K, committed 90560K, reserved 1179648K
  class space    used 9031K, committed 9920K, reserved 1048576K
GC Heap History (20 events):
Event: 751.546 GC heap before
{Heap before GC invocations=637 (full 16):
 PSYoungGen      total 6656K, used 6336K [0x00000000d5580000, 0x00000000d5d80000, 0x0000000100000000)
  eden space 5120K, 100% used [0x00000000d5580000,0x00000000d5a80000,0x00000000d5a80000)
  from space 1536K, 79% used [0x00000000d5c00000,0x00000000d5d30020,0x00000000d5d80000)
  to   space 1536K, 0% used [0x00000000d5a80000,0x00000000d5a80000,0x00000000d5c00000)
 ParOldGen       total 274432K, used 248442K [0x0000000080000000, 0x0000000090c00000, 0x00000000d5580000)
  object space 274432K, 90% used [0x0000000080000000,0x000000008f29e8b0,0x0000000090c00000)
 Metaspace       used 88354K, committed 90240K, reserved 1179648K
  class space    used 8992K, committed 9856K, reserved 1048576K
}
Event: 751.548 GC heap after
{Heap after GC invocations=637 (full 16):
 PSYoungGen      total 6656K, used 1530K [0x00000000d5580000, 0x00000000d6080000, 0x0000000100000000)
  eden space 5120K, 0% used [0x00000000d5580000,0x00000000d5580000,0x00000000d5a80000)
  from space 1536K, 99% used [0x00000000d5a80000,0x00000000d5bfe900,0x00000000d5c00000)
  to   space 3072K, 0% used [0x00000000d5d80000,0x00000000d5d80000,0x00000000d6080000)
 ParOldGen       total 274432K, used 249383K [0x0000000080000000, 0x0000000090c00000, 0x00000000d5580000)
  object space 274432K, 90% used [0x0000000080000000,0x000000008f389de0,0x0000000090c00000)
 Metaspace       used 88354K, committed 90240K, reserved 1179648K
  class space    used 8992K, committed 9856K, reserved 1048576K
}
Event: 751.656 GC heap before
{Heap before GC invocations=638 (full 16):
 PSYoungGen      total 6656K, used 6650K [0x00000000d5580000, 0x00000000d6080000, 0x0000000100000000)
  eden space 5120K, 100% used [0x00000000d5580000,0x00000000d5a80000,0x00000000d5a80000)
  from space 1536K, 99% used [0x00000000d5a80000,0x00000000d5bfe900,0x00000000d5c00000)
  to   space 3072K, 0% used [0x00000000d5d80000,0x00000000d5d80000,0x00000000d6080000)
 ParOldGen       total 274432K, used 250707K [0x0000000080000000, 0x0000000090c00000, 0x00000000d5580000)
  object space 274432K, 91% used [0x0000000080000000,0x000000008f4d4d50,0x0000000090c00000)
 Metaspace       used 88484K, committed 90368K, reserved 1179648K
  class space    used 9010K, committed 9856K, reserved 1048576K
}
Event: 751.658 GC heap after
{Heap after GC invocations=638 (full 16):
 PSYoungGen      total 6656K, used 1152K [0x00000000d5580000, 0x00000000d5f00000, 0x0000000100000000)
  eden space 5120K, 0% used [0x00000000d5580000,0x00000000d5580000,0x00000000d5a80000)
  from space 1536K, 75% used [0x00000000d5d80000,0x00000000d5ea0000,0x00000000d5f00000)
  to   space 2048K, 0% used [0x00000000d5b00000,0x00000000d5b00000,0x00000000d5d00000)
 ParOldGen       total 274432K, used 251285K [0x0000000080000000, 0x0000000090c00000, 0x00000000d5580000)
  object space 274432K, 91% used [0x0000000080000000,0x000000008f565660,0x0000000090c00000)
 Metaspace       used 88484K, committed 90368K, reserved 1179648K
  class space    used 9010K, committed 9856K, reserved 1048576K
}
Event: 751.708 GC heap before
{Heap before GC invocations=639 (full 16):
 PSYoungGen      total 6656K, used 6265K [0x00000000d5580000, 0x00000000d5f00000, 0x0000000100000000)
  eden space 5120K, 99% used [0x00000000d5580000,0x00000000d5a7e430,0x00000000d5a80000)
  from space 1536K, 75% used [0x00000000d5d80000,0x00000000d5ea0000,0x00000000d5f00000)
  to   space 2048K, 0% used [0x00000000d5b00000,0x00000000d5b00000,0x00000000d5d00000)
 ParOldGen       total 274432K, used 251285K [0x0000000080000000, 0x0000000090c00000, 0x00000000d5580000)
  object space 274432K, 91% used [0x0000000080000000,0x000000008f565660,0x0000000090c00000)
 Metaspace       used 88484K, committed 90368K, reserved 1179648K
  class space    used 9010K, committed 9856K, reserved 1048576K
}
Event: 751.709 GC heap after
{Heap after GC invocations=639 (full 16):
 PSYoungGen      total 6656K, used 1152K [0x00000000d5580000, 0x00000000d5e00000, 0x0000000100000000)
  eden space 5120K, 0% used [0x00000000d5580000,0x00000000d5580000,0x00000000d5a80000)
  from space 1536K, 75% used [0x00000000d5b00000,0x00000000d5c20000,0x00000000d5c80000)
  to   space 1536K, 0% used [0x00000000d5c80000,0x00000000d5c80000,0x00000000d5e00000)
 ParOldGen       total 274432K, used 251285K [0x0000000080000000, 0x0000000090c00000, 0x00000000d5580000)
  object space 274432K, 91% used [0x0000000080000000,0x000000008f565660,0x0000000090c00000)
 Metaspace       used 88484K, committed 90368K, reserved 1179648K
  class space    used 9010K, committed 9856K, reserved 1048576K
}
Event: 752.045 GC heap before
{Heap before GC invocations=640 (full 16):
 PSYoungGen      total 6656K, used 6272K [0x00000000d5580000, 0x00000000d5e00000, 0x0000000100000000)
  eden space 5120K, 100% used [0x00000000d5580000,0x00000000d5a80000,0x00000000d5a80000)
  from space 1536K, 75% used [0x00000000d5b00000,0x00000000d5c20000,0x00000000d5c80000)
  to   space 1536K, 0% used [0x00000000d5c80000,0x00000000d5c80000,0x00000000d5e00000)
 ParOldGen       total 274432K, used 251285K [0x0000000080000000, 0x0000000090c00000, 0x00000000d5580000)
  object space 274432K, 91% used [0x0000000080000000,0x000000008f565660,0x0000000090c00000)
 Metaspace       used 88488K, committed 90368K, reserved 1179648K
  class space    used 9011K, committed 9856K, reserved 1048576K
}
Event: 752.046 GC heap after
{Heap after GC invocations=640 (full 16):
 PSYoungGen      total 6144K, used 928K [0x00000000d5580000, 0x00000000d5d80000, 0x0000000100000000)
  eden space 5120K, 0% used [0x00000000d5580000,0x00000000d5580000,0x00000000d5a80000)
  from space 1024K, 90% used [0x00000000d5c80000,0x00000000d5d68000,0x00000000d5d80000)
  to   space 1024K, 0% used [0x00000000d5b80000,0x00000000d5b80000,0x00000000d5c80000)
 ParOldGen       total 274432K, used 251293K [0x0000000080000000, 0x0000000090c00000, 0x00000000d5580000)
  object space 274432K, 91% used [0x0000000080000000,0x000000008f567660,0x0000000090c00000)
 Metaspace       used 88488K, committed 90368K, reserved 1179648K
  class space    used 9011K, committed 9856K, reserved 1048576K
}
Event: 1203.825 GC heap before
{Heap before GC invocations=641 (full 16):
 PSYoungGen      total 6144K, used 6048K [0x00000000d5580000, 0x00000000d5d80000, 0x0000000100000000)
  eden space 5120K, 100% used [0x00000000d5580000,0x00000000d5a80000,0x00000000d5a80000)
  from space 1024K, 90% used [0x00000000d5c80000,0x00000000d5d68000,0x00000000d5d80000)
  to   space 1024K, 0% used [0x00000000d5b80000,0x00000000d5b80000,0x00000000d5c80000)
 ParOldGen       total 274432K, used 251293K [0x0000000080000000, 0x0000000090c00000, 0x00000000d5580000)
  object space 274432K, 91% used [0x0000000080000000,0x000000008f567660,0x0000000090c00000)
 Metaspace       used 88628K, committed 90496K, reserved 1179648K
  class space    used 9030K, committed 9920K, reserved 1048576K
}
Event: 1203.827 GC heap after
{Heap after GC invocations=641 (full 16):
 PSYoungGen      total 6144K, used 960K [0x00000000d5580000, 0x00000000d5d00000, 0x0000000100000000)
  eden space 5120K, 0% used [0x00000000d5580000,0x00000000d5580000,0x00000000d5a80000)
  from space 1024K, 93% used [0x00000000d5b80000,0x00000000d5c70020,0x00000000d5c80000)
  to   space 512K, 0% used [0x00000000d5c80000,0x00000000d5c80000,0x00000000d5d00000)
 ParOldGen       total 274432K, used 251509K [0x0000000080000000, 0x0000000090c00000, 0x00000000d5580000)
  object space 274432K, 91% used [0x0000000080000000,0x000000008f59d660,0x0000000090c00000)
 Metaspace       used 88628K, committed 90496K, reserved 1179648K
  class space    used 9030K, committed 9920K, reserved 1048576K
}
Event: 1783.774 GC heap before
{Heap before GC invocations=642 (full 16):
 PSYoungGen      total 6144K, used 6080K [0x00000000d5580000, 0x00000000d5d00000, 0x0000000100000000)
  eden space 5120K, 100% used [0x00000000d5580000,0x00000000d5a80000,0x00000000d5a80000)
  from space 1024K, 93% used [0x00000000d5b80000,0x00000000d5c70020,0x00000000d5c80000)
  to   space 512K, 0% used [0x00000000d5c80000,0x00000000d5c80000,0x00000000d5d00000)
 ParOldGen       total 274432K, used 251509K [0x0000000080000000, 0x0000000090c00000, 0x00000000d5580000)
  object space 274432K, 91% used [0x0000000080000000,0x000000008f59d660,0x0000000090c00000)
 Metaspace       used 88653K, committed 90560K, reserved 1179648K
  class space    used 9031K, committed 9920K, reserved 1048576K
}
Event: 1783.775 GC heap after
{Heap after GC invocations=642 (full 16):
 PSYoungGen      total 5632K, used 500K [0x00000000d5580000, 0x00000000d5d00000, 0x0000000100000000)
  eden space 5120K, 0% used [0x00000000d5580000,0x00000000d5580000,0x00000000d5a80000)
  from space 512K, 97% used [0x00000000d5c80000,0x00000000d5cfd3c0,0x00000000d5d00000)
  to   space 1024K, 0% used [0x00000000d5b00000,0x00000000d5b00000,0x00000000d5c00000)
 ParOldGen       total 274432K, used 251968K [0x0000000080000000, 0x0000000090c00000, 0x00000000d5580000)
  object space 274432K, 91% used [0x0000000080000000,0x000000008f610298,0x0000000090c00000)
 Metaspace       used 88653K, committed 90560K, reserved 1179648K
  class space    used 9031K, committed 9920K, reserved 1048576K
}
Event: 1783.792 GC heap before
{Heap before GC invocations=643 (full 16):
 PSYoungGen      total 5632K, used 5620K [0x00000000d5580000, 0x00000000d5d00000, 0x0000000100000000)
  eden space 5120K, 100% used [0x00000000d5580000,0x00000000d5a80000,0x00000000d5a80000)
  from space 512K, 97% used [0x00000000d5c80000,0x00000000d5cfd3c0,0x00000000d5d00000)
  to   space 1024K, 0% used [0x00000000d5b00000,0x00000000d5b00000,0x00000000d5c00000)
 ParOldGen       total 274432K, used 251968K [0x0000000080000000, 0x0000000090c00000, 0x00000000d5580000)
  object space 274432K, 91% used [0x0000000080000000,0x000000008f610298,0x0000000090c00000)
 Metaspace       used 88659K, committed 90560K, reserved 1179648K
  class space    used 9031K, committed 9920K, reserved 1048576K
}
Event: 1783.793 GC heap after
{Heap after GC invocations=643 (full 16):
 PSYoungGen      total 6144K, used 704K [0x00000000d5580000, 0x00000000d5d00000, 0x0000000100000000)
  eden space 5120K, 0% used [0x00000000d5580000,0x00000000d5580000,0x00000000d5a80000)
  from space 1024K, 68% used [0x00000000d5b00000,0x00000000d5bb02b0,0x00000000d5c00000)
  to   space 1024K, 0% used [0x00000000d5c00000,0x00000000d5c00000,0x00000000d5d00000)
 ParOldGen       total 274432K, used 252040K [0x0000000080000000, 0x0000000090c00000, 0x00000000d5580000)
  object space 274432K, 91% used [0x0000000080000000,0x000000008f622298,0x0000000090c00000)
 Metaspace       used 88659K, committed 90560K, reserved 1179648K
  class space    used 9031K, committed 9920K, reserved 1048576K
}
Event: 1783.817 GC heap before
{Heap before GC invocations=644 (full 16):
 PSYoungGen      total 6144K, used 5824K [0x00000000d5580000, 0x00000000d5d00000, 0x0000000100000000)
  eden space 5120K, 100% used [0x00000000d5580000,0x00000000d5a80000,0x00000000d5a80000)
  from space 1024K, 68% used [0x00000000d5b00000,0x00000000d5bb02b0,0x00000000d5c00000)
  to   space 1024K, 0% used [0x00000000d5c00000,0x00000000d5c00000,0x00000000d5d00000)
 ParOldGen       total 274432K, used 252040K [0x0000000080000000, 0x0000000090c00000, 0x00000000d5580000)
  object space 274432K, 91% used [0x0000000080000000,0x000000008f622298,0x0000000090c00000)
 Metaspace       used 88660K, committed 90560K, reserved 1179648K
  class space    used 9031K, committed 9920K, reserved 1048576K
}
Event: 1783.819 GC heap after
{Heap after GC invocations=644 (full 16):
 PSYoungGen      total 6144K, used 878K [0x00000000d5580000, 0x00000000d5d00000, 0x0000000100000000)
  eden space 5120K, 0% used [0x00000000d5580000,0x00000000d5580000,0x00000000d5a80000)
  from space 1024K, 85% used [0x00000000d5c00000,0x00000000d5cdbb90,0x00000000d5d00000)
  to   space 1024K, 0% used [0x00000000d5b00000,0x00000000d5b00000,0x00000000d5c00000)
 ParOldGen       total 274432K, used 252040K [0x0000000080000000, 0x0000000090c00000, 0x00000000d5580000)
  object space 274432K, 91% used [0x0000000080000000,0x000000008f622298,0x0000000090c00000)
 Metaspace       used 88660K, committed 90560K, reserved 1179648K
  class space    used 9031K, committed 9920K, reserved 1048576K
}
Event: 1783.831 GC heap before
{Heap before GC invocations=645 (full 16):
 PSYoungGen      total 6144K, used 5998K [0x00000000d5580000, 0x00000000d5d00000, 0x0000000100000000)
  eden space 5120K, 100% used [0x00000000d5580000,0x00000000d5a80000,0x00000000d5a80000)
  from space 1024K, 85% used [0x00000000d5c00000,0x00000000d5cdbb90,0x00000000d5d00000)
  to   space 1024K, 0% used [0x00000000d5b00000,0x00000000d5b00000,0x00000000d5c00000)
 ParOldGen       total 274432K, used 252040K [0x0000000080000000, 0x0000000090c00000, 0x00000000d5580000)
  object space 274432K, 91% used [0x0000000080000000,0x000000008f622298,0x0000000090c00000)
 Metaspace       used 88662K, committed 90560K, reserved 1179648K
  class space    used 9031K, committed 9920K, reserved 1048576K
}
Event: 1783.832 GC heap after
{Heap after GC invocations=645 (full 16):
 PSYoungGen      total 6144K, used 1021K [0x00000000d5580000, 0x00000000d5d80000, 0x0000000100000000)
  eden space 5120K, 0% used [0x00000000d5580000,0x00000000d5580000,0x00000000d5a80000)
  from space 1024K, 99% used [0x00000000d5b00000,0x00000000d5bff628,0x00000000d5c00000)
  to   space 1536K, 0% used [0x00000000d5c00000,0x00000000d5c00000,0x00000000d5d80000)
 ParOldGen       total 274432K, used 252088K [0x0000000080000000, 0x0000000090c00000, 0x00000000d5580000)
  object space 274432K, 91% used [0x0000000080000000,0x000000008f62e298,0x0000000090c00000)
 Metaspace       used 88662K, committed 90560K, reserved 1179648K
  class space    used 9031K, committed 9920K, reserved 1048576K
}
Event: 1783.849 GC heap before
{Heap before GC invocations=646 (full 16):
 PSYoungGen      total 6144K, used 6141K [0x00000000d5580000, 0x00000000d5d80000, 0x0000000100000000)
  eden space 5120K, 100% used [0x00000000d5580000,0x00000000d5a80000,0x00000000d5a80000)
  from space 1024K, 99% used [0x00000000d5b00000,0x00000000d5bff628,0x00000000d5c00000)
  to   space 1536K, 0% used [0x00000000d5c00000,0x00000000d5c00000,0x00000000d5d80000)
 ParOldGen       total 274432K, used 252088K [0x0000000080000000, 0x0000000090c00000, 0x00000000d5580000)
  object space 274432K, 91% used [0x0000000080000000,0x000000008f62e298,0x0000000090c00000)
 Metaspace       used 88663K, committed 90560K, reserved 1179648K
  class space    used 9031K, committed 9920K, reserved 1048576K
}
Event: 1785.860 GC heap after
{Heap after GC invocations=646 (full 16):
 PSYoungGen      total 6656K, used 1534K [0x00000000d5580000, 0x00000000d5d80000, 0x0000000100000000)
  eden space 5120K, 0% used [0x00000000d5580000,0x00000000d5580000,0x00000000d5a80000)
  from space 1536K, 99% used [0x00000000d5c00000,0x00000000d5d7fac0,0x00000000d5d80000)
  to   space 1024K, 0% used [0x00000000d5b00000,0x00000000d5b00000,0x00000000d5c00000)
 ParOldGen       total 274432K, used 252518K [0x0000000080000000, 0x0000000090c00000, 0x00000000d5580000)
  object space 274432K, 92% used [0x0000000080000000,0x000000008f699a90,0x0000000090c00000)
 Metaspace       used 88663K, committed 90560K, reserved 1179648K
  class space    used 9031K, committed 9920K, reserved 1048576K
}

